           1    -5.41168    -5.41168           0
           2    -5.40983    -5.41076 0.000654688
           3    -5.41039    -5.41064 0.000447465
           4    -5.40929     -5.4103 0.000444576
           5    -5.40966    -5.41017  0.00037337
           6    -5.41148    -5.41039  0.00036958
           7    -5.40966    -5.41029 0.000331315
           8    -5.40963     -5.4102 0.000299738
           9    -5.40975    -5.41015 0.000270622
          10    -5.40989    -5.41013 0.000244875
          11     -5.4106    -5.41017 0.000226339
          12     -5.4094    -5.41011 0.000216414
          13     -5.4102    -5.41011 0.000199901
          14    -5.41031    -5.41013 0.000186125
          15    -5.40915    -5.41006 0.000184709
          16    -5.41036    -5.41008 0.000174094
          17    -5.40898    -5.41002 0.000175566
          18    -5.40994    -5.41001  0.00016587
          19    -5.41149    -5.41009  0.00017436
          20    -5.40845    -5.41001 0.000183848
          21    -5.40972    -5.40999 0.000175591
          22    -5.40981    -5.40999 0.000167798
          23    -5.41023       -5.41 0.000160842
          24    -5.40994    -5.40999 0.000154159
          25    -5.41112    -5.41004 0.000154383
          26    -5.40947    -5.41002 0.000149999
          27    -5.41177    -5.41008 0.000157863
          28    -5.41023    -5.41009 0.000152308
          29    -5.41021    -5.41009 0.000147113
          30    -5.40982    -5.41008 0.000142476
          31     -5.4108    -5.41011 0.000139758
          32    -5.41186    -5.41016 0.000145702
          33    -5.41083    -5.41018 0.000142713
          34    -5.41169    -5.41022 0.000145275
          35    -5.40958    -5.41021 0.000142284
          36     -5.4102    -5.41021 0.000138331
          37    -5.41004     -5.4102 0.000134664
          38    -5.41141    -5.41023 0.000134799
          39    -5.41056    -5.41024 0.000131603
          40     -5.4114    -5.41027 0.000131439
          41    -5.41068    -5.41028 0.000128608
          42    -5.41032    -5.41028 0.000125549
          43    -5.40905    -5.41025 0.000125838
          44    -5.41104    -5.41027 0.000124235
          45    -5.41032    -5.41027  0.00012148
          46     -5.4108    -5.41028 0.000119387
          47    -5.40996    -5.41028 0.000117049
          48    -5.40984    -5.41027 0.000114969
          49    -5.40938    -5.41025 0.000114044
          50    -5.40967    -5.41024 0.000112349
          51    -5.41055    -5.41024 0.000110316
          52    -5.41156    -5.41027 0.000111048
          53     -5.4109    -5.41028 0.000109589
          54    -5.40942    -5.41027 0.000108716
          55    -5.41163    -5.41029 0.000109553
          56     -5.4105    -5.41029 0.000107664
          57    -5.41054     -5.4103 0.000105861
          58    -5.41096    -5.41031  0.00010465
          59    -5.41064    -5.41032 0.000103023
          60     -5.4098    -5.41031 0.000101668
          61    -5.41077    -5.41031 0.000100286
          62    -5.41041    -5.41032 9.86802e-05
          63    -5.41034    -5.41032 9.71149e-05
          64    -5.41039    -5.41032 9.56035e-05
          65    -5.40998    -5.41031 9.42716e-05
          66    -5.40996    -5.41031 9.29923e-05
          67    -5.40937    -5.41029 9.26583e-05
          68    -5.41082     -5.4103 9.16252e-05
          69    -5.41113    -5.41031 9.10775e-05
          70    -5.41074    -5.41032 8.99817e-05
          71    -5.41007    -5.41032 8.87823e-05
          72    -5.41151    -5.41033 8.90913e-05
          73    -5.40998    -5.41033 8.79996e-05
          74    -5.41029    -5.41033 8.68116e-05
          75    -5.41163    -5.41034 8.73745e-05
          76    -5.41255    -5.41037 9.09113e-05
          77    -5.41111    -5.41038 9.02322e-05
          78    -5.40847    -5.41036 9.23501e-05
          79    -5.40958    -5.41035 9.16996e-05
          80     -5.4096    -5.41034 9.10341e-05
          81    -5.41119    -5.41035   9.052e-05
          82    -5.41063    -5.41035 8.94826e-05
          83    -5.41056    -5.41036 8.84383e-05
          84     -5.4111    -5.41036 8.78293e-05
          85    -5.40956    -5.41035  8.7306e-05
          86    -5.41072    -5.41036 8.63967e-05
          87    -5.41099    -5.41037 8.57066e-05
          88    -5.40932    -5.41035 8.55493e-05
          89    -5.41056    -5.41036 8.46196e-05
          90    -5.41037    -5.41036 8.36796e-05
          91    -5.41103    -5.41036 8.30881e-05
          92    -5.41124    -5.41037 8.27312e-05
          93    -5.41213    -5.41039 8.39731e-05
          94    -5.40986    -5.41039 8.32707e-05
          95    -5.41051    -5.41039 8.24049e-05
          96    -5.41047    -5.41039 8.15513e-05
          97    -5.41051    -5.41039   8.072e-05
          98    -5.41031    -5.41039 7.99005e-05
          99    -5.40975    -5.41038 7.93549e-05
         100    -5.40985    -5.41038 7.87383e-05
