           1    -6.63577    -6.63577           0
           2    -6.63678    -6.63628 0.000356878
           3    -6.64212    -6.63823  0.00160886
           4    -6.63661    -6.63782  0.00125604
           5    -6.61555    -6.63337  0.00410911
           6    -6.64304    -6.63498  0.00372723
           7    -6.63516    -6.63501  0.00319485
           8    -6.64493    -6.63625  0.00302688
           9     -6.6429    -6.63699  0.00277933
          10    -6.62843    -6.63613  0.00262978
          11      -6.647    -6.63712  0.00256959
          12    -6.63206     -6.6367   0.0023898
          13    -6.62939    -6.63613  0.00227107
          14    -6.64024    -6.63643  0.00212767
          15    -6.62827    -6.63588  0.00205412
          16    -6.64634    -6.63654  0.00202699
          17    -6.62704    -6.63598  0.00198323
          18    -6.63092     -6.6357  0.00189286
          19    -6.64945    -6.63642  0.00192672
          20    -6.63349    -6.63628  0.00183594
          21    -6.64327    -6.63661  0.00177851
          22    -6.64288    -6.63689  0.00172038
          23     -6.6403    -6.63704  0.00165194
          24    -6.62022    -6.63634  0.00172536
          25      -6.645    -6.63669  0.00169072
          26    -6.62584    -6.63627  0.00167638
          27    -6.64987    -6.63677  0.00168828
          28    -6.63429    -6.63668  0.00163031
          29    -6.63346    -6.63657  0.00157788
          30    -6.62991    -6.63635  0.00154082
          31    -6.63329    -6.63625  0.00149428
          32    -6.63169    -6.63611  0.00145437
          33    -6.64201    -6.63629  0.00142125
          34    -6.63962    -6.63639  0.00138281
          35     -6.6247    -6.63605  0.00138304
          36    -6.63611    -6.63605  0.00134462
          37    -6.63205    -6.63595  0.00131264
          38    -6.63705    -6.63598  0.00127842
          39    -6.63651    -6.63599  0.00124571
          40    -6.64309    -6.63617  0.00122716
          41    -6.63962    -6.63625  0.00120012
          42    -6.62493    -6.63598  0.00120144
          43     -6.6505    -6.63632  0.00122002
          44    -6.62807    -6.63613  0.00120663
          45    -6.64606    -6.63635   0.0011998
          46     -6.6437    -6.63651   0.0011843
          47    -6.64016    -6.63659  0.00116165
          48    -6.63194    -6.63649  0.00114148
          49    -6.63744    -6.63651  0.00111835
          50    -6.63528    -6.63649  0.00109625
          51    -6.62463    -6.63625  0.00109913
          52    -6.64439    -6.63641  0.00108908
          53     -6.6393    -6.63647  0.00106989
          54     -6.6313    -6.63637  0.00105435
          55    -6.64948    -6.63661  0.00106179
          56    -6.63936    -6.63666  0.00104397
          57    -6.64964    -6.63689   0.0010502
          58    -6.62668    -6.63671  0.00104674
          59    -6.64625    -6.63687  0.00104142
          60    -6.63598    -6.63686  0.00102416
          61    -6.64013    -6.63691  0.00100878
          62    -6.64271      -6.637 0.000996828
          63    -6.63643    -6.63699 0.000981047
          64    -6.64166    -6.63707 0.000968423
          65    -6.62113    -6.63682 0.000984078
          66    -6.63035    -6.63672 0.000974038
          67     -6.6458    -6.63686 0.000968882
          68    -6.63456    -6.63683 0.000955223
          69    -6.63741    -6.63683 0.000941417
          70     -6.6318    -6.63676  0.00093071
          71    -6.62549     -6.6366 0.000931049
          72    -6.64743    -6.63675  0.00093018
          73    -6.64161    -6.63682 0.000919809
          74    -6.64329    -6.63691 0.000911526
          75    -6.62357    -6.63673 0.000916563
          76    -6.64312    -6.63681 0.000908352
          77    -6.63203    -6.63675 0.000898681
          78    -6.63665    -6.63675  0.00088716
          79    -6.62781    -6.63664 0.000883121
          80    -6.62792    -6.63653 0.000878783
          81    -6.64438    -6.63663 0.000873258
          82    -6.63874    -6.63665 0.000862988
          83    -6.63548    -6.63664 0.000852706
          84    -6.63444    -6.63661 0.000842957
          85    -6.63513    -6.63659 0.000833221
          86    -6.62852     -6.6365 0.000828806
          87    -6.64161    -6.63656 0.000821355
          88    -6.63004    -6.63648 0.000815357
          89     -6.6513    -6.63665 0.000823008
          90    -6.63258    -6.63661 0.000815105
          91    -6.64298    -6.63668 0.000809155
          92    -6.62704    -6.63657 0.000807115
          93    -6.65029    -6.63672 0.000811806
          94    -6.63764    -6.63673 0.000803229
          95    -6.64082    -6.63677  0.00079593
          96     -6.6401    -6.63681 0.000788395
          97    -6.63749    -6.63681 0.000780299
          98    -6.64198    -6.63687 0.000774115
          99    -6.63949    -6.63689 0.000766748
         100    -6.63892    -6.63691 0.000759349
