           1     1.12716     1.12716           0
           2      1.1133     1.12023  0.00489862
           3     1.11283     1.11776  0.00383668
           4     1.10891     1.11555  0.00345782
           5     1.11184     1.11481  0.00284469
           6     1.10993     1.11399  0.00248417
           7     1.11509     1.11415  0.00213419
           8     1.11538      1.1143  0.00187299
           9     1.06458     1.10878  0.00546847
          10     1.10308     1.10821  0.00495125
          11      1.0945     1.10696  0.00465539
          12     1.11674     1.10778  0.00433819
          13     1.12678     1.10924  0.00424371
          14     1.10338     1.10882  0.00396114
          15     1.12434     1.10986   0.0038298
          16     1.14283     1.11192  0.00410764
          17     1.09864     1.11114  0.00393954
          18     1.07671     1.10922  0.00415919
          19     1.12479     1.11004  0.00402023
          20     1.09559     1.10932  0.00388366
          21     1.08829     1.10832  0.00382564
          22     1.07946     1.10701  0.00387005
          23     1.11545     1.10737  0.00371916
          24     1.13846     1.10867  0.00378308
          25     1.09873     1.10827  0.00365259
          26     1.11478     1.10852  0.00352066
          27     1.12266     1.10905  0.00342897
          28     1.12314     1.10955  0.00334326
          29      1.1371      1.1105   0.0033602
          30     1.10598     1.11035  0.00325157
          31     1.12075     1.11068  0.00316396
          32     1.13271     1.11137  0.00313903
          33     1.10619     1.11121  0.00304784
          34     1.11713     1.11139  0.00296316
          35     1.09553     1.11094  0.00291291
          36     1.09007     1.11036  0.00288908
          37     1.11648     1.11052  0.00281574
          38     1.07423     1.10957  0.00289907
          39     1.10393     1.10942  0.00282834
          40     1.09014     1.10894  0.00279843
          41     1.11417     1.10907  0.00273308
          42     1.10753     1.10903  0.00266825
          43     1.13656     1.10967  0.00268192
          44     1.08354     1.10908   0.0026859
          45     1.07178     1.10825   0.0027511
          46     1.14696     1.10909  0.00281706
          47     1.09534      1.1088  0.00277227
          48     1.10283     1.10867   0.0027173
          49     1.11458     1.10879  0.00266452
          50     1.11113     1.10884  0.00261164
          51     1.10686      1.1088  0.00256072
          52     1.13361     1.10928  0.00255553
          53     1.07805     1.10869  0.00257434
          54     1.11187     1.10875  0.00252734
          55     1.11292     1.10882  0.00248253
          56     1.09753     1.10862  0.00244637
          57     1.11734     1.10878  0.00240823
          58      1.1102      1.1088  0.00236684
          59     1.07461     1.10822  0.00239663
          60     1.10307     1.10813  0.00235822
          61     1.06455     1.10742  0.00242538
          62     1.11491     1.10754  0.00238927
          63     1.13302     1.10795  0.00238532
          64     1.08912     1.10765  0.00236612
          65     1.09942     1.10752  0.00233311
          66     1.11567     1.10765  0.00230102
          67     1.09062     1.10739  0.00228067
          68     1.09288     1.10718   0.0022571
          69     1.10149      1.1071   0.0022259
          70     1.12894     1.10741  0.00221587
          71     1.09219      1.1072    0.002195
          72     1.09691     1.10705  0.00216916
          73      1.0792     1.10667  0.00217273
          74     1.15106     1.10727  0.00222464
          75      1.1061     1.10726  0.00219503
          76     1.13907     1.10767  0.00220572
          77     1.11153     1.10772  0.00217764
          78     1.12229     1.10791  0.00215771
          79     1.12058     1.10807  0.00213635
          80     1.11684     1.10818  0.00211245
          81     1.10442     1.10813  0.00208688
          82     1.10341     1.10808  0.00206223
          83     1.09963     1.10798  0.00203989
          84     1.06565     1.10747   0.0020769
          85     1.09887     1.10737  0.00205493
          86     1.12214     1.10754   0.0020382
          87     1.10367      1.1075  0.00201526
          88     1.08942     1.10729   0.0020028
          89     1.06127     1.10677  0.00204595
          90     1.12596     1.10699   0.0020343
          91     1.14038     1.10735  0.00204476
          92     1.11275     1.10741  0.00202338
          93     1.10231     1.10736  0.00200237
          94     1.10818     1.10737  0.00198108
          95     1.07682     1.10705  0.00198615
          96     1.08703     1.10684  0.00197638
          97     1.11301      1.1069  0.00195703
          98     1.12169     1.10705  0.00194287
          99     1.10902     1.10707  0.00192334
         100     1.12435     1.10724  0.00191186
