           1     1.22409     1.22409           0
           2     1.22695     1.22552  0.00101157
           3     1.23173     1.22759  0.00181941
           4     1.22733     1.22752  0.00136575
           5     1.20589      1.2232  0.00402198
           6     1.23156     1.22459  0.00358509
           7      1.2255     1.22472   0.0030753
           8      1.2353     1.22604  0.00296153
           9     1.23315     1.22683  0.00273566
          10     1.21854       1.226   0.0025846
          11      1.2364     1.22695  0.00251649
          12     1.22266     1.22659  0.00233202
          13     1.21919     1.22602  0.00222109
          14     1.22993      1.2263  0.00207988
          15     1.21912     1.22582  0.00199555
          16     1.23598     1.22646  0.00196922
          17     1.21807     1.22596  0.00191425
          18     1.22098     1.22569  0.00182777
          19     1.23797     1.22633  0.00184231
          20     1.22504     1.22627  0.00175133
          21     1.23355     1.22661  0.00170193
          22     1.23307     1.22691  0.00164965
          23     1.23007     1.22705  0.00158364
          24     1.21029     1.22635  0.00166452
          25     1.23388     1.22665  0.00162498
          26     1.21637     1.22625  0.00160984
          27      1.2381     1.22669  0.00160891
          28     1.22406      1.2266  0.00155419
          29     1.22326     1.22648  0.00150486
          30     1.22009     1.22627  0.00146972
          31     1.22249     1.22615  0.00142736
          32     1.21984     1.22595  0.00139631
          33     1.23118     1.22611  0.00136296
          34     1.22793     1.22616  0.00132392
          35     1.21512     1.22585  0.00132316
          36     1.22591     1.22585  0.00128641
          37       1.222     1.22574  0.00125583
          38     1.22565     1.22574  0.00122278
          39     1.22595     1.22575  0.00119144
          40      1.2317      1.2259   0.0011709
          41     1.22894     1.22597   0.0011447
          42     1.21461      1.2257  0.00114898
          43     1.24145     1.22607  0.00117917
          44     1.21703     1.22586  0.00117013
          45     1.23573     1.22608  0.00116451
          46     1.23289     1.22623  0.00114858
          47      1.2302     1.22631  0.00112726
          48      1.2221     1.22622  0.00110718
          49     1.22806     1.22626  0.00108522
          50     1.22561     1.22625  0.00106359
          51     1.21408     1.22601  0.00106917
          52     1.23284     1.22614  0.00105664
          53      1.2284     1.22618  0.00103756
          54     1.22188     1.22611  0.00102141
          55     1.23785     1.22632  0.00102491
          56     1.22886     1.22636  0.00100761
          57      1.2391     1.22659   0.0010144
          58     1.21572      1.2264  0.00101408
          59     1.23561     1.22656  0.00100885
          60     1.22618     1.22655 0.000992052
          61     1.22936      1.2266 0.000976854
          62      1.2323     1.22669 0.000965416
          63     1.22609     1.22668 0.000950139
          64     1.23127     1.22675 0.000938004
          65     1.21115     1.22651 0.000953796
          66     1.22039     1.22642  0.00094384
          67     1.23644     1.22657 0.000941529
          68     1.22374     1.22653 0.000928602
          69     1.22628     1.22652 0.000915151
          70     1.22106     1.22644 0.000905397
          71     1.21542     1.22629 0.000905865
          72     1.23592     1.22642 0.000903103
          73     1.23162     1.22649 0.000893538
          74       1.233     1.22658 0.000885775
          75     1.21194     1.22639 0.000895224
          76     1.23057     1.22644 0.000885138
          77     1.22092     1.22637 0.000876545
          78     1.22818     1.22639 0.000865613
          79     1.21822     1.22629 0.000860808
          80     1.21832     1.22619  0.00085579
          81     1.23318     1.22628 0.000849568
          82      1.2281      1.2263   0.0008395
          83     1.22492     1.22628 0.000829549
          84     1.22334     1.22625 0.000820414
          85     1.22557     1.22624 0.000810801
          86     1.21779     1.22614 0.000807297
          87     1.23062     1.22619 0.000799655
          88     1.22071     1.22613 0.000792987
          89     1.24074     1.22629  0.00080088
          90     1.22221     1.22625 0.000793268
          91     1.23195     1.22631 0.000787022
          92     1.21579      1.2262 0.000786726
          93     1.23816     1.22633 0.000788711
          94     1.22778     1.22634 0.000780473
          95     1.23031     1.22638 0.000773373
          96     1.22963     1.22642 0.000766056
          97     1.22698     1.22642 0.000758181
          98     1.23167     1.22648 0.000752332
          99     1.22974     1.22651 0.000745453
         100     1.22907     1.22653 0.000738438
