           1     1.69073     1.69073           0
           2     1.66995     1.68034  0.00734792
           3     1.66924     1.67664  0.00575501
           4     1.66336     1.67332  0.00518673
           5     1.66776     1.67221  0.00426703
           6     1.66489     1.67099  0.00372626
           7     1.67263     1.67122  0.00320129
           8     1.67308     1.67145  0.00280949
           9     1.59687     1.66317  0.00820271
          10     1.65462     1.66231  0.00742687
          11     1.64175     1.66044  0.00698308
          12     1.67511     1.66167  0.00650729
          13     1.69018     1.66386  0.00636556
          14     1.65508     1.66323  0.00594171
          15     1.68651     1.66478   0.0057447
          16     1.71424     1.66787  0.00616146
          17     1.64796      1.6667  0.00590931
          18     1.61506     1.66383  0.00623879
          19     1.68719     1.66506  0.00603035
          20     1.64338     1.66398  0.00582549
          21     1.63244     1.66248  0.00573846
          22      1.6192     1.66051  0.00580507
          23     1.67318     1.66106  0.00557875
          24      1.7077       1.663  0.00567463
          25     1.64809     1.66241  0.00547889
          26     1.67216     1.66278    0.005281
          27     1.68398     1.66357  0.00514345
          28     1.68471     1.66432  0.00501489
          29     1.70564     1.66575  0.00504031
          30     1.65897     1.66552  0.00487735
          31     1.68113     1.66603  0.00474594
          32     1.69906     1.66706  0.00470855
          33     1.65929     1.66682  0.00457175
          34      1.6757     1.66708  0.00444473
          35      1.6433      1.6664  0.00436937
          36     1.63511     1.66553  0.00433363
          37     1.67472     1.66578  0.00422361
          38     1.61135     1.66435  0.00434861
          39     1.65589     1.66413  0.00424251
          40      1.6352     1.66341  0.00419765
          41     1.67125      1.6636  0.00409962
          42     1.66129     1.66355  0.00400238
          43     1.70484     1.66451  0.00402289
          44     1.62532     1.66362  0.00402885
          45     1.60768     1.66237  0.00412665
          46     1.72044     1.66364  0.00422559
          47     1.64301      1.6632  0.00415841
          48     1.65425     1.66301  0.00407595
          49     1.67187     1.66319  0.00399677
          50      1.6667     1.66326  0.00391745
          51     1.66028      1.6632  0.00384108
          52     1.70041     1.66392  0.00383329
          53     1.61707     1.66303  0.00386151
          54     1.66781     1.66312  0.00379101
          55     1.66938     1.66324  0.00372379
          56      1.6463     1.66293  0.00366956
          57     1.67601     1.66316  0.00361235
          58      1.6653      1.6632  0.00355025
          59     1.61191     1.66233  0.00359494
          60     1.65461      1.6622  0.00353733
          61     1.59683     1.66113  0.00363808
          62     1.67236     1.66131   0.0035839
          63     1.69952     1.66192  0.00357798
          64     1.63367     1.66148  0.00354918
          65     1.64912     1.66129  0.00349967
          66      1.6735     1.66147  0.00345153
          67     1.63593     1.66109  0.00342101
          68     1.63932     1.66077  0.00338565
          69     1.65224     1.66065  0.00333884
          70     1.69342     1.66111   0.0033238
          71     1.63828     1.66079   0.0032925
          72     1.64536     1.66058  0.00325374
          73     1.61881     1.66001   0.0032591
          74     1.72659     1.66091  0.00333696
          75     1.65915     1.66088  0.00329255
          76     1.70861     1.66151  0.00330857
          77      1.6673     1.66159  0.00326646
          78     1.68343     1.66187  0.00323656
          79     1.68087     1.66211  0.00320452
          80     1.67526     1.66227  0.00316868
          81     1.65664      1.6622  0.00313032
          82     1.65512     1.66212  0.00309334
          83     1.64944     1.66196  0.00305984
          84     1.59848     1.66121  0.00311535
          85      1.6483     1.66105   0.0030824
          86     1.68321     1.66131   0.0030573
          87      1.6555     1.66125  0.00302289
          88     1.63412     1.66094   0.0030042
          89     1.59191     1.66016  0.00306893
          90     1.68894     1.66048  0.00305145
          91     1.71056     1.66103  0.00306714
          92     1.66913     1.66112  0.00303507
          93     1.65346     1.66104  0.00300355
          94     1.66227     1.66105  0.00297162
          95     1.61523     1.66057  0.00297923
          96     1.63054     1.66026  0.00296457
          97     1.66952     1.66035  0.00293554
          98     1.68253     1.66058   0.0029143
          99     1.66353     1.66061  0.00288502
         100     1.68653     1.66087  0.00286779
