           1   -0.386682   -0.386682           0
           2   -0.393717   -0.390199  0.00248698
           3   -0.363074   -0.381158   0.0075665
           4   -0.392681   -0.384039  0.00619912
           5   -0.411651   -0.389561  0.00699947
           6   -0.380645   -0.388075  0.00598856
           7    -0.43887   -0.395331   0.0084547
           8   -0.427525   -0.399356  0.00830047
           9   -0.365513   -0.395595  0.00818573
          10   -0.432319   -0.399268   0.0081494
          11   -0.434651   -0.402484  0.00801828
          12   -0.343691   -0.397585  0.00871939
          13   -0.402522   -0.397965  0.00805693
          14   -0.397694   -0.397945  0.00748146
          15   -0.385353   -0.397106  0.00702963
          16   -0.427742   -0.399021  0.00684609
          17   -0.391228   -0.398562  0.00645871
          18   -0.446434   -0.401222  0.00662486
          19   -0.401389   -0.401231  0.00627619
          20   -0.410157   -0.401677  0.00597823
          21   -0.329547   -0.398242  0.00660698
          22   -0.384278   -0.397607  0.00633708
          23   -0.354787   -0.395746  0.00632914
          24   -0.333809   -0.393165  0.00657053
          25   -0.356924   -0.391715  0.00646565
          26   -0.399802   -0.392026  0.00622444
          27   -0.406754   -0.392572  0.00601776
          28   -0.430081   -0.393911  0.00595008
          29    -0.43728   -0.395407  0.00592986
          30   -0.477738   -0.398151   0.0063355
          31   -0.436501   -0.399388  0.00625075
          32   -0.422029   -0.400096  0.00609532
          33    -0.42422   -0.400827  0.00595429
          34   -0.403063   -0.400893  0.00577953
          35    -0.39572   -0.400745  0.00561629
          36   -0.398975   -0.400696  0.00546049
          37   -0.371964   -0.399919  0.00536784
          38   -0.391921   -0.399709  0.00523071
          39   -0.424805   -0.400352  0.00513602
          40   -0.378325   -0.399802  0.00503705
          41    -0.38471   -0.399433  0.00492763
          42    -0.36018   -0.398499  0.00489813
          43   -0.370136   -0.397839  0.00482843
          44   -0.364407   -0.397079   0.0047781
          45   -0.400978   -0.397166  0.00467271
          46   -0.379896   -0.396791  0.00458619
          47   -0.416334   -0.397206  0.00450742
          48   -0.399787    -0.39726  0.00441383
          49   -0.382795   -0.396965  0.00433362
          50   -0.377928   -0.396584  0.00426364
          51   -0.410975   -0.396866  0.00418936
          52    -0.43766   -0.397651   0.0041816
          53   -0.390562   -0.397517  0.00410484
          54   -0.367233   -0.396956  0.00406696
          55   -0.393634   -0.396896  0.00399346
          56   -0.381681   -0.396624  0.00393138
          57   -0.385011   -0.396421  0.00386769
          58   -0.478166    -0.39783  0.00404966
          59   -0.452497   -0.398756  0.00408565
          60   -0.386776   -0.398557  0.00402243
          61   -0.402829   -0.398627   0.0039571
          62   -0.393393   -0.398542  0.00389418
          63      -0.425   -0.398962  0.00385494
          64    -0.41315   -0.399184  0.00380108
          65   -0.398906    -0.39918   0.0037426
          66   -0.397074   -0.399148  0.00368603
          67   -0.386015   -0.398952  0.00363622
          68   -0.378885   -0.398657   0.0035947
          69   -0.389857   -0.398529  0.00354487
          70   -0.417859   -0.398805  0.00350497
          71   -0.424215   -0.399163  0.00347382
          72    -0.40043   -0.399181  0.00342562
          73   -0.406022   -0.399275  0.00337998
          74   -0.363726   -0.398794  0.00336827
          75   -0.386612   -0.398632  0.00332727
          76   -0.410711   -0.398791  0.00328729
          77   -0.393339    -0.39872  0.00324536
          78   -0.438289   -0.399227  0.00324316
          79   -0.453873   -0.399919  0.00327504
          80   -0.368682   -0.399528  0.00325729
          81     -0.3615   -0.399059  0.00325074
          82    -0.42523   -0.399378  0.00322672
          83   -0.442069   -0.399892  0.00322858
          84   -0.416259   -0.400087  0.00319602
          85   -0.397146   -0.400053  0.00315861
          86   -0.389799   -0.399933  0.00312413
          87   -0.409883   -0.400048  0.00309031
          88   -0.437167    -0.40047  0.00308385
          89   -0.407001   -0.400543  0.00305007
          90   -0.430284   -0.400873  0.00303403
          91   -0.431023   -0.401205  0.00301872
          92   -0.411143   -0.401313  0.00298784
          93   -0.442281   -0.401753  0.00298801
          94    -0.40499   -0.401788  0.00295642
          95   -0.408916   -0.401863  0.00292626
          96   -0.388733   -0.401726  0.00289897
          97   -0.420546    -0.40192  0.00287557
          98   -0.387284   -0.401771   0.0028501
          99   -0.388814    -0.40164  0.00282431
         100    -0.38024   -0.401426  0.00280417
