           1     1.43559     1.43559           0
           2     1.43551     1.43555 2.77904e-05
           3     1.43564     1.43558 3.20388e-05
           4     1.43565      1.4356 2.77847e-05
           5     1.43565     1.43561 2.40567e-05
           6     1.43555      1.4356 2.21596e-05
           7     1.43552     1.43559 2.13514e-05
           8     1.43556     1.43558 1.88527e-05
           9     1.43556     1.43558 1.69826e-05
          10     1.43554     1.43558 1.57444e-05
          11     1.43549     1.43557 1.63645e-05
          12     1.43558     1.43557 1.50132e-05
          13     1.43566     1.43558  1.5409e-05
          14     1.43563     1.43558 1.48617e-05
          15     1.43561     1.43558 1.40442e-05
          16     1.43548     1.43558  1.4443e-05
          17     1.43558     1.43558 1.35934e-05
          18     1.43542     1.43557 1.54981e-05
          19     1.43559     1.43557 1.47197e-05
          20     1.43559     1.43557 1.40184e-05
          21     1.43565     1.43557 1.38759e-05
          22     1.43563     1.43558 1.34921e-05
          23     1.43569     1.43558 1.37725e-05
          24     1.43563     1.43558 1.33771e-05
          25     1.43557     1.43558 1.28505e-05
          26     1.43552     1.43558  1.2566e-05
          27     1.43555     1.43558 1.21543e-05
          28     1.43555     1.43558 1.17691e-05
          29     1.43553     1.43558  1.1476e-05
          30     1.43552     1.43557 1.12414e-05
          31      1.4356     1.43558 1.09137e-05
          32     1.43564     1.43558 1.07857e-05
          33     1.43562     1.43558 1.05273e-05
          34     1.43561     1.43558 1.02666e-05
          35     1.43556     1.43558 9.99551e-06
          36     1.43566     1.43558 9.98781e-06
          37     1.43557     1.43558 9.72744e-06
          38     1.43565     1.43558 9.62593e-06
          39     1.43561     1.43558 9.40115e-06
          40     1.43567     1.43559 9.40406e-06
          41     1.43561     1.43559 9.18756e-06
          42     1.43562     1.43559 9.00916e-06
          43     1.43554     1.43559 8.85476e-06
          44     1.43554     1.43558  8.7201e-06
          45      1.4356     1.43559 8.53308e-06
          46     1.43563     1.43559 8.40065e-06
          47      1.4356     1.43559 8.22583e-06
          48     1.43558     1.43559 8.05488e-06
          49     1.43558     1.43559 7.89079e-06
          50     1.43567     1.43559 7.89601e-06
          51      1.4356     1.43559 7.74427e-06
          52     1.43547     1.43559 7.91568e-06
          53     1.43549     1.43558 7.97318e-06
          54     1.43564     1.43559 7.90355e-06
          55     1.43561     1.43559 7.77665e-06
          56     1.43565     1.43559  7.7219e-06
          57     1.43558     1.43559 7.58675e-06
          58     1.43546     1.43558 7.78195e-06
          59     1.43556     1.43558 7.66039e-06
          60     1.43562     1.43558 7.55114e-06
          61     1.43556     1.43558 7.43969e-06
          62     1.43557     1.43558 7.32338e-06
          63     1.43558     1.43558 7.20743e-06
          64     1.43546     1.43558 7.34704e-06
          65     1.43566     1.43558 7.33474e-06
          66     1.43553     1.43558 7.26673e-06
          67     1.43552     1.43558 7.22379e-06
          68     1.43564     1.43558 7.16988e-06
          69     1.43565     1.43558 7.14054e-06
          70      1.4356     1.43558   7.042e-06
          71     1.43555     1.43558 6.95714e-06
          72     1.43562     1.43558 6.88108e-06
          73     1.43566     1.43558 6.85753e-06
          74     1.43573     1.43559  7.0447e-06
          75     1.43556     1.43559 6.96044e-06
          76      1.4356     1.43559 6.87304e-06
          77     1.43558     1.43559 6.78393e-06
          78     1.43557     1.43559 6.69954e-06
          79     1.43554     1.43559 6.64136e-06
          80      1.4357     1.43559 6.71547e-06
          81     1.43565     1.43559 6.67399e-06
          82     1.43561     1.43559 6.59662e-06
          83      1.4356     1.43559 6.51801e-06
          84     1.43559     1.43559 6.44045e-06
          85     1.43554     1.43559 6.38495e-06
          86     1.43551     1.43559 6.37335e-06
          87     1.43561     1.43559 6.30452e-06
          88     1.43552     1.43559 6.27648e-06
          89     1.43556     1.43559 6.21322e-06
          90     1.43554     1.43559 6.16398e-06
          91     1.43563     1.43559 6.11831e-06
          92     1.43559     1.43559 6.05231e-06
          93     1.43556     1.43559 5.99156e-06
          94     1.43562     1.43559 5.93952e-06
          95     1.43554     1.43559 5.89499e-06
          96     1.43554     1.43559 5.85358e-06
          97     1.43555     1.43558 5.80195e-06
          98     1.43566     1.43559 5.79588e-06
          99     1.43559     1.43559 5.73741e-06
         100     1.43555     1.43559 5.69195e-06
