           1     1.82227     1.82227           0
           2     1.82923     1.82575  0.00245919
           3     1.79872     1.81674  0.00753695
           4     1.82833     1.81964  0.00618448
           5      1.8473     1.82517  0.00699768
           6     1.81619     1.82367  0.00598926
           7     1.87439     1.83092  0.00844731
           8     1.86309     1.83494  0.00829356
           9     1.80107     1.83118  0.00818139
          10     1.86786     1.83484  0.00814425
          11     1.87014     1.83805  0.00801092
          12     1.77927     1.83315  0.00871337
          13     1.83818     1.83354   0.0080517
          14     1.83333     1.83353  0.00747659
          15     1.82097     1.83269  0.00702487
          16     1.86323      1.8346  0.00684019
          17      1.8268     1.83414  0.00645317
          18     1.88185     1.83679  0.00661665
          19     1.83698      1.8368  0.00626842
          20     1.84575     1.83725  0.00597093
          21      1.7652     1.83382  0.00659908
          22     1.81991     1.83318  0.00632932
          23     1.79048     1.83133  0.00632065
          24     1.76944     1.82875  0.00656218
          25      1.7925      1.8273  0.00645793
          26     1.83532     1.82761  0.00621692
          27      1.8423     1.82815  0.00601044
          28     1.86563     1.82949  0.00594296
          29     1.87281     1.83098  0.00592281
          30     1.91326     1.83373  0.00632856
          31      1.8721     1.83496  0.00624432
          32     1.85767     1.83567  0.00608938
          33     1.85984     1.83641  0.00594872
          34     1.83868     1.83647  0.00577413
          35     1.83128     1.83632  0.00561107
          36     1.83464     1.83628   0.0054554
          37     1.80753      1.8355    0.005363
          38     1.82757     1.83529  0.00522593
          39     1.86041     1.83594  0.00513147
          40     1.81399     1.83539  0.00503242
          41     1.82032     1.83502  0.00492309
          42      1.7958     1.83409  0.00489362
          43     1.80568     1.83343   0.0048242
          44     1.79995     1.83266  0.00477419
          45     1.83658     1.83275  0.00466888
          46     1.81553     1.83238  0.00458238
          47     1.85193     1.83279  0.00450373
          48     1.83537     1.83285  0.00441022
          49     1.81838     1.83255  0.00433009
          50      1.8136     1.83217  0.00426006
          51     1.84657     1.83245  0.00418588
          52     1.87313     1.83324  0.00417783
          53     1.82605      1.8331   0.0041012
          54     1.80288     1.83254  0.00406327
          55     1.82925     1.83248  0.00398983
          56     1.81733     1.83221  0.00392774
          57     1.82059     1.83201  0.00386412
          58     1.91362     1.83341  0.00404561
          59     1.88806     1.83434  0.00408167
          60     1.82239     1.83414   0.0040185
          61     1.83839     1.83421  0.00395323
          62     1.82896     1.83413  0.00389037
          63     1.86058     1.83455  0.00385121
          64     1.84861     1.83477   0.0037973
          65     1.83457     1.83476  0.00373888
          66     1.83261     1.83473  0.00368238
          67     1.82153     1.83453  0.00363268
          68     1.81453     1.83424  0.00359115
          69     1.82551     1.83411  0.00354134
          70     1.85346     1.83439  0.00350151
          71     1.85977     1.83475  0.00347039
          72     1.83605     1.83476  0.00342224
          73     1.84168     1.83486  0.00337667
          74     1.79946     1.83438  0.00336476
          75     1.82217     1.83422  0.00332383
          76     1.84632     1.83438  0.00328391
          77     1.82892     1.83431  0.00324202
          78     1.87386     1.83481  0.00323988
          79     1.88941      1.8355  0.00327175
          80     1.80438     1.83512  0.00325389
          81     1.79715     1.83465  0.00324731
          82     1.86084     1.83497  0.00322338
          83     1.87767     1.83548  0.00322533
          84     1.85185     1.83568  0.00319282
          85     1.83269     1.83564  0.00315545
          86     1.82531     1.83552  0.00312104
          87     1.84549     1.83563  0.00308727
          88     1.87269     1.83606  0.00308077
          89     1.84256     1.83613  0.00304702
          90     1.86583     1.83646  0.00303098
          91     1.86666     1.83679  0.00301578
          92     1.84674      1.8369  0.00298494
          93     1.87785     1.83734  0.00298514
          94     1.84061     1.83737  0.00295358
          95     1.84446     1.83745  0.00292343
          96     1.82427     1.83731   0.0028962
          97      1.8561     1.83751  0.00287281
          98     1.82295     1.83736  0.00284734
          99      1.8244     1.83723  0.00282158
         100     1.81579     1.83701   0.0028015
