           1     -5.0368     -5.0368           0
           2    -5.01408    -5.02544  0.00803437
           3    -5.01489    -5.02192  0.00607751
           4    -5.01043    -5.01905   0.0051936
           5    -5.01228     -5.0177  0.00432751
           6    -5.01323    -5.01695   0.0036697
           7     -5.0203    -5.01743  0.00317657
           8    -5.02186    -5.01798  0.00282731
           9    -4.94237    -5.00958  0.00831013
          10    -5.00099    -5.00872  0.00752344
          11     -4.9896    -5.00698  0.00703756
          12    -5.02188    -5.00823  0.00655972
          13    -5.03861    -5.01056  0.00645819
          14    -5.00154    -5.00992  0.00602897
          15    -5.03152    -5.01136  0.00579648
          16    -5.06193    -5.01452  0.00623661
          17    -4.99553     -5.0134  0.00596895
          18    -4.96204    -5.01055  0.00628242
          19    -5.03297    -5.01173  0.00606154
          20    -4.98976    -5.01063  0.00585711
          21    -4.97872    -5.00911  0.00577193
          22    -4.96496     -5.0071  0.00584807
          23     -5.0184     -5.0076   0.0056144
          24    -5.05023    -5.00937  0.00565447
          25    -4.99279    -5.00871  0.00546707
          26     -5.0173    -5.00904  0.00526676
          27     -5.0294    -5.00979  0.00512539
          28    -5.03217    -5.01059  0.00500426
          29    -5.05371    -5.01208   0.0050478
          30    -5.00557    -5.01186   0.0048842
          31    -5.02695    -5.01235  0.00475084
          32    -5.04808    -5.01347  0.00473176
          33    -5.00776    -5.01329  0.00459153
          34     -5.0228    -5.01357  0.00446499
          35    -4.98995     -5.0129  0.00438814
          36     -4.9803    -5.01199  0.00435868
          37      -5.017    -5.01213  0.00424298
          38    -4.95577    -5.01064  0.00438286
          39    -5.00126     -5.0104  0.00427708
          40    -4.98385    -5.00974  0.00422134
          41    -5.01915    -5.00997  0.00412461
          42    -5.00947    -5.00996  0.00402643
          43    -5.05145    -5.01092  0.00404676
          44    -4.97141    -5.01002   0.0040532
          45    -4.95381    -5.00877  0.00415117
          46    -5.06842    -5.01007   0.0042586
          47    -4.98911    -5.00963  0.00419128
          48    -5.00389    -5.00951  0.00410566
          49    -5.02128    -5.00975   0.0040289
          50    -5.01323    -5.00982  0.00394892
          51     -5.0071    -5.00976  0.00387185
          52    -5.04559    -5.01045   0.0038582
          53    -4.95993     -5.0095  0.00390137
          54    -5.01309    -5.00956  0.00382969
          55    -5.01747    -5.00971  0.00376275
          56    -4.99256     -5.0094  0.00370799
          57    -5.02348    -5.00965  0.00365116
          58     -5.0135    -5.00972  0.00358881
          59    -4.95877    -5.00885  0.00363037
          60    -4.99948     -5.0087  0.00357322
          61    -4.94312    -5.00762  0.00367279
          62    -5.02147    -5.00784  0.00362034
          63    -5.04678    -5.00846  0.00361525
          64    -4.97942    -5.00801  0.00358713
          65    -4.99434     -5.0078   0.0035381
          66     -5.0192    -5.00797  0.00348871
          67    -4.98125    -5.00757  0.00345936
          68    -4.98626    -5.00726  0.00342265
          69    -4.99999    -5.00715  0.00337467
          70    -5.04059    -5.00763  0.00336009
          71    -4.98259    -5.00728  0.00333123
          72    -4.99239    -5.00707  0.00329138
          73     -4.9644    -5.00649  0.00329778
          74      -5.076    -5.00743  0.00338437
          75    -5.00641    -5.00741  0.00333927
          76    -5.05507    -5.00804  0.00335369
          77    -5.01277     -5.0081  0.00331069
          78    -5.02844    -5.00836   0.0032785
          79    -5.02907    -5.00862  0.00324746
          80    -5.02213    -5.00879  0.00321125
          81    -5.00104     -5.0087  0.00317303
          82    -5.00079     -5.0086   0.0031358
          83    -4.99705    -5.00846   0.0031011
          84     -4.9431    -5.00768  0.00316029
          85    -4.99399    -5.00752  0.00312721
          86    -5.02918    -5.00777  0.00310097
          87    -5.00173     -5.0077  0.00306611
          88    -4.98048     -5.0074  0.00304683
          89    -4.94009    -5.00664  0.00310503
          90    -5.03774    -5.00698   0.0030897
          91    -5.05651    -5.00753  0.00310331
          92    -5.01491    -5.00761  0.00307061
          93    -4.99747     -5.0075  0.00303953
          94     -5.0086    -5.00751  0.00300722
          95    -4.95992    -5.00701  0.00301701
          96    -4.97728     -5.0067  0.00300143
          97    -5.01423    -5.00678  0.00297149
          98    -5.02947    -5.00701  0.00295018
          99    -5.00759    -5.00702  0.00292038
         100    -5.03293    -5.00728  0.00290265
