           1     1.21485     1.21485           0
           2     1.21948     1.21717  0.00163946
           3     1.19915     1.21116  0.00502463
           4     1.21888     1.21309  0.00412299
           5     1.23153     1.21678  0.00466512
           6     1.21079     1.21578  0.00399284
           7      1.2496     1.22061  0.00563154
           8     1.24206     1.22329  0.00552904
           9     1.20071     1.22078  0.00545426
          10     1.24524     1.22323   0.0054295
          11     1.24676     1.22537  0.00534062
          12     1.18618      1.2221  0.00580892
          13     1.22545     1.22236   0.0053678
          14     1.22222     1.22235  0.00498439
          15     1.21398     1.22179  0.00468324
          16     1.24215     1.22306  0.00456012
          17     1.21787     1.22276  0.00430211
          18     1.25457     1.22453   0.0044111
          19     1.22465     1.22453  0.00417894
          20      1.2305     1.22483  0.00398062
          21      1.1768     1.22254  0.00439939
          22     1.21327     1.22212  0.00421955
          23     1.19365     1.22088  0.00421376
          24     1.17963     1.21917  0.00437479
          25       1.195      1.2182  0.00430529
          26     1.22355      1.2184  0.00414461
          27      1.2282     1.21877  0.00400696
          28     1.24375     1.21966  0.00396197
          29     1.24854     1.22066  0.00394854
          30     1.27551     1.22248  0.00421904
          31     1.24807     1.22331  0.00416288
          32     1.23845     1.22378  0.00405959
          33     1.23989     1.22427  0.00396581
          34     1.22578     1.22432  0.00384942
          35     1.22085     1.22422  0.00374071
          36     1.22309     1.22418  0.00363693
          37     1.20502     1.22367  0.00357533
          38     1.21838     1.22353  0.00348395
          39     1.24028     1.22396  0.00342098
          40     1.20933     1.22359  0.00335495
          41     1.21354     1.22335  0.00328206
          42      1.1972     1.22272  0.00326241
          43     1.20379     1.22228  0.00321613
          44     1.19996     1.22178  0.00318279
          45     1.22439     1.22183  0.00311259
          46     1.21035     1.22158  0.00305492
          47     1.23462     1.22186  0.00300249
          48     1.22358      1.2219  0.00294015
          49     1.21225      1.2217  0.00288673
          50     1.20906     1.22145  0.00284004
          51     1.23105     1.22164  0.00279058
          52     1.24875     1.22216  0.00278522
          53     1.21737     1.22207  0.00273413
          54     1.20192     1.22169  0.00270884
          55      1.2195     1.22165  0.00265989
          56     1.21155     1.22147   0.0026185
          57     1.21373     1.22134  0.00257608
          58     1.27575     1.22228  0.00269707
          59     1.25871     1.22289  0.00272112
          60     1.21493     1.22276    0.002679
          61     1.22559     1.22281  0.00263548
          62     1.21931     1.22275  0.00259358
          63     1.24039     1.22303  0.00256747
          64     1.23241     1.22318  0.00253153
          65     1.22305     1.22318  0.00249259
          66     1.22174     1.22315  0.00245492
          67     1.21435     1.22302  0.00242179
          68     1.20968     1.22283   0.0023941
          69     1.21701     1.22274  0.00236089
          70     1.23564     1.22293  0.00233434
          71     1.23984     1.22316  0.00231359
          72     1.22403     1.22318  0.00228149
          73     1.22779     1.22324  0.00225111
          74     1.19964     1.22292  0.00224317
          75     1.21478     1.22281  0.00221589
          76     1.23088     1.22292  0.00218927
          77     1.21928     1.22287  0.00216135
          78     1.24924     1.22321  0.00215992
          79     1.25961     1.22367  0.00218116
          80     1.20292     1.22341  0.00216926
          81      1.1981      1.2231  0.00216487
          82     1.24056     1.22331  0.00214892
          83     1.25178     1.22365  0.00215022
          84     1.23457     1.22378  0.00212854
          85     1.22179     1.22376  0.00210363
          86     1.21687     1.22368  0.00208069
          87     1.23033     1.22376  0.00205818
          88     1.24846     1.22404  0.00205385
          89     1.22837     1.22409  0.00203135
          90     1.24388     1.22431  0.00202065
          91     1.24444     1.22453  0.00201052
          92     1.23116      1.2246  0.00198996
          93      1.2519     1.22489  0.00199009
          94     1.22707     1.22492  0.00196905
          95     1.22964     1.22497  0.00194896
          96     1.21618     1.22487   0.0019308
          97      1.2374       1.225  0.00191521
          98      1.2153      1.2249  0.00189822
          99     1.21627     1.22482  0.00188105
         100     1.21053     1.22467  0.00186766
