           1    -3.34607    -3.34607           0
           2    -3.34413     -3.3451 0.000686441
           3    -3.34564    -3.34528 0.000481223
           4    -3.34707    -3.34573 0.000529006
           5    -3.34452    -3.34549  0.00047471
           6    -3.34834    -3.34596 0.000587635
           7    -3.34768    -3.34621 0.000552328
           8    -3.34878    -3.34653 0.000569434
           9     -3.3455    -3.34641 0.000517493
          10    -3.34637    -3.34641 0.000465763
          11    -3.34785    -3.34654 0.000441426
          12    -3.34677    -3.34656 0.000405056
          13    -3.34844     -3.3467 0.000398821
          14    -3.34646    -3.34669 0.000370706
          15    -3.34501    -3.34658 0.000362473
          16    -3.34769    -3.34665 0.000346392
          17    -3.34757     -3.3467 0.000330248
          18    -3.34698    -3.34672 0.000312281
          19    -3.34577    -3.34667 0.000299753
          20    -3.34639    -3.34665 0.000285093
          21    -3.34629    -3.34663 0.000272047
          22    -3.34576    -3.34659 0.000262544
          23    -3.34522    -3.34654 0.000257811
          24    -3.34253    -3.34637 0.000296197
          25    -3.34469     -3.3463 0.000291842
          26    -3.34513    -3.34626 0.000284059
          27    -3.34541    -3.34622 0.000275247
          28    -3.34746    -3.34627 0.000268917
          29    -3.34807    -3.34633 0.000266736
          30     -3.3466    -3.34634 0.000257996
          31    -3.34582    -3.34632 0.000250214
          32    -3.34902    -3.34641  0.00025619
          33    -3.34847    -3.34647 0.000255969
          34     -3.3471    -3.34649  0.00024911
          35    -3.34665    -3.34649 0.000242033
          36    -3.34519    -3.34646 0.000237997
          37    -3.34228    -3.34634 0.000256964
          38    -3.34442    -3.34629 0.000255126
          39    -3.34536    -3.34627 0.000249694
          40    -3.34865    -3.34633 0.000250449
          41     -3.3479    -3.34637 0.000247248
          42    -3.34818    -3.34641 0.000245089
          43     -3.3466    -3.34642 0.000239431
          44    -3.34609    -3.34641 0.000234101
          45    -3.34613     -3.3464 0.000228977
          46    -3.34798    -3.34644 0.000226551
          47     -3.3461    -3.34643 0.000221845
          48    -3.34964     -3.3465 0.000227089
          49    -3.34941    -3.34656 0.000230122
          50    -3.34652    -3.34655  0.00022552
          51    -3.34681    -3.34656 0.000221154
          52    -3.34517    -3.34653 0.000218502
          53    -3.34286    -3.34646 0.000225107
          54    -3.34529    -3.34644 0.000221989
          55    -3.34809    -3.34647  0.00021997
          56    -3.34627    -3.34647 0.000216071
          57    -3.34747    -3.34649 0.000212994
          58     -3.3482    -3.34652 0.000211364
          59    -3.34686    -3.34652 0.000207864
          60    -3.34487    -3.34649 0.000206207
          61    -3.34629    -3.34649 0.000202853
          62    -3.34911    -3.34653 0.000203942
          63    -3.34726    -3.34654 0.000201029
          64    -3.34574    -3.34653 0.000198277
          65    -3.34522    -3.34651 0.000196256
          66     -3.3457     -3.3465 0.000193669
          67    -3.34533    -3.34648  0.00019157
          68    -3.34694    -3.34649 0.000188872
          69    -3.34776    -3.34651 0.000187026
          70    -3.34717    -3.34652 0.000184594
          71     -3.3443    -3.34649 0.000184612
          72    -3.34702    -3.34649 0.000182198
          73     -3.3456    -3.34648 0.000180115
          74    -3.34941    -3.34652 0.000181979
          75    -3.34726    -3.34653 0.000179818
          76    -3.34646    -3.34653 0.000177455
          77    -3.34547    -3.34652  0.00017568
          78    -3.34501     -3.3465 0.000174491
          79     -3.3482    -3.34652 0.000173606
          80    -3.34686    -3.34652  0.00017149
          81     -3.3444     -3.3465 0.000171355
          82    -3.34567    -3.34649 0.000169562
          83     -3.3476     -3.3465 0.000168054
          84    -3.34463    -3.34648 0.000167526
          85     -3.3457    -3.34647 0.000165807
          86    -3.34598    -3.34646 0.000163978
          87    -3.34623    -3.34646 0.000162115
          88    -3.34636    -3.34646 0.000160276
          89    -3.34818    -3.34648 0.000159638
          90     -3.3488     -3.3465 0.000159928
          91    -3.34595     -3.3465 0.000158287
          92    -3.34578    -3.34649 0.000156759
          93      -3.344    -3.34646 0.000157339
          94    -3.34633    -3.34646 0.000155671
          95    -3.34469    -3.34644 0.000155148
          96    -3.34674    -3.34645 0.000153563
          97    -3.34471    -3.34643 0.000153019
          98    -3.34694    -3.34643 0.000151546
          99    -3.34406    -3.34641 0.000151899
         100     -3.3464    -3.34641  0.00015038
