           1     0.81606     0.81606           0
           2    0.817967    0.817014 0.000674377
           3    0.821153    0.818393  0.00121294
           4    0.818217    0.818349 0.000910501
           5    0.803924    0.815464  0.00268132
           6     0.82104    0.816393  0.00239006
           7    0.817001     0.81648   0.0020502
           8    0.823532    0.817362  0.00197435
           9    0.822098    0.817888  0.00182377
          10    0.812362    0.817335  0.00172307
          11    0.824266    0.817966  0.00167766
          12    0.815107    0.817727  0.00155468
          13    0.812791    0.817348  0.00148073
          14    0.819951    0.817534  0.00138658
          15    0.812746    0.817214  0.00133037
          16    0.823986    0.817638  0.00131281
          17    0.812044    0.817309  0.00127616
          18     0.81399    0.817124  0.00121851
          19    0.825311    0.817555  0.00122821
          20    0.816694    0.817512  0.00116755
          21    0.822368    0.817743  0.00113462
          22    0.822045    0.817939  0.00109977
          23    0.820045     0.81803  0.00105576
          24    0.806857    0.817565  0.00110968
          25    0.822587    0.817766  0.00108332
          26    0.810914    0.817502  0.00107323
          27    0.825401    0.817795  0.00107261
          28    0.816042    0.817732  0.00103612
          29    0.815504    0.817655  0.00100324
          30    0.813392    0.817513 0.000979813
          31    0.814992    0.817432 0.000951575
          32    0.813225      0.8173 0.000930877
          33    0.820785    0.817406 0.000908638
          34    0.818617    0.817442 0.000882612
          35    0.810079    0.817231 0.000882106
          36    0.817273    0.817232 0.000857604
          37    0.814669    0.817163 0.000837218
          38    0.817098    0.817161 0.000815188
          39    0.817299    0.817165 0.000794293
          40     0.82113    0.817264 0.000780598
          41    0.819296    0.817314 0.000763131
          42    0.809737    0.817133 0.000765986
          43    0.827631    0.817377 0.000786117
          44    0.811352     0.81724 0.000780088
          45    0.823822    0.817387 0.000776342
          46     0.82193    0.817485 0.000765721
          47    0.820136    0.817542 0.000751503
          48    0.814733    0.817483 0.000738122
          49    0.818708    0.817508 0.000723481
          50    0.817076      0.8175 0.000709063
          51    0.809386    0.817341 0.000712783
          52    0.821891    0.817428 0.000704426
          53    0.818935    0.817456 0.000691709
          54    0.814587    0.817403 0.000680938
          55    0.825232    0.817546 0.000683272
          56    0.819239    0.817576 0.000671739
          57    0.826067    0.817725  0.00067627
          58    0.810477      0.8176 0.000676055
          59    0.823742    0.817704 0.000672564
          60    0.817455      0.8177 0.000661368
          61     0.81957    0.817731 0.000651236
          62    0.821531    0.817792 0.000643611
          63    0.817392    0.817785 0.000633426
          64     0.82085    0.817833 0.000625336
          65    0.807431    0.817673 0.000635864
          66    0.813594    0.817612 0.000629227
          67    0.824292    0.817711 0.000627686
          68    0.815824    0.817683 0.000619068
          69    0.817522    0.817681 0.000610101
          70     0.81404    0.817629 0.000603598
          71    0.810278    0.817526  0.00060391
          72    0.823945    0.817615 0.000602069
          73    0.821082    0.817662 0.000595692
          74    0.821998    0.817721 0.000590517
          75    0.807959    0.817591 0.000596816
          76    0.820382    0.817627 0.000590092
          77    0.813945     0.81758 0.000584363
          78    0.818784    0.817595 0.000577075
          79     0.81215    0.817526 0.000573872
          80    0.812214     0.81746 0.000570527
          81    0.822121    0.817517 0.000566378
          82    0.818736    0.817532 0.000559666
          83    0.816615    0.817521 0.000553033
          84    0.815558    0.817498 0.000546943
          85    0.817045    0.817492 0.000540534
          86    0.811863    0.817427 0.000538198
          87    0.820411    0.817461 0.000533104
          88    0.813809     0.81742 0.000528658
          89    0.827157    0.817529  0.00053392
          90    0.814803    0.817499 0.000528846
          91      0.8213    0.817541 0.000524681
          92    0.810529    0.817464 0.000524484
          93    0.825439     0.81755 0.000525807
          94    0.818522     0.81756 0.000520315
          95    0.820205    0.817588 0.000515582
          96    0.819753    0.817611 0.000510704
          97    0.817989    0.817615 0.000505454
          98    0.821112     0.81765 0.000501555
          99    0.819824    0.817672 0.000496969
         100    0.819378    0.817689 0.000492292
