           1     2.81609     2.81609           0
           2     2.86859     2.84234   0.0185639
           3     2.83233       2.839   0.0126725
           4      2.9515     2.86713   0.0261463
           5     2.89444     2.87259     0.02148
           6     2.82042     2.86389   0.0195811
           7     2.81595     2.85704   0.0179416
           8      2.8455      2.8556   0.0157568
           9     2.83169     2.85294   0.0142284
          10     2.89151      2.8568    0.013318
          11     2.79783     2.85144   0.0131422
          12     2.89593     2.85515   0.0125592
          13      2.8672     2.85608   0.0116272
          14     2.84699     2.85543   0.0108148
          15     2.85037     2.85509   0.0100991
          16     2.86103     2.85546  0.00947468
          17     2.81848     2.85329   0.0091636
          18     2.85144     2.85318  0.00865509
          19     2.89278     2.85527  0.00844671
          20     2.89918     2.85746  0.00830484
          21      2.8776     2.85842  0.00796455
          22     2.85056     2.85806  0.00761053
          23     2.81011     2.85598  0.00755981
          24     2.85889      2.8561  0.00724579
          25     2.80445     2.85403  0.00724449
          26     2.80178     2.85202  0.00723924
          27     2.88312     2.85318  0.00706211
          28     2.81203     2.85171  0.00696109
          29     2.98844     2.85642  0.00816311
          30     2.83271     2.85563  0.00792919
          31     2.85853     2.85572  0.00767396
          32     2.80148     2.85403  0.00761908
          33     2.82036     2.85301  0.00745619
          34      2.8237     2.85215  0.00728655
          35     2.80736     2.85087  0.00718987
          36     2.89271     2.85203  0.00708349
          37       2.884     2.85289  0.00694454
          38     2.84211     2.85261  0.00676758
          39     2.85768     2.85274   0.0065953
          40     2.81746     2.85186  0.00648914
          41     2.76785     2.84981  0.00664651
          42     2.87669     2.85045  0.00651901
          43     2.76841     2.84854  0.00664075
          44     2.91523     2.85006  0.00666053
          45     2.77267     2.84834  0.00673087
          46     2.87176     2.84885  0.00660377
          47     2.84362     2.84874   0.0064642
          48     2.90495     2.84991  0.00643476
          49     2.79068      2.8487  0.00641594
          50     2.80914     2.84791  0.00633621
          51     2.88964     2.84873  0.00626459
          52      2.8692     2.84912  0.00615649
          53     2.92081     2.85047  0.00618713
          54     2.89646     2.85132  0.00613089
          55     2.82744     2.85089  0.00603478
          56     2.86439     2.85113  0.00593183
          57      2.9155     2.85226   0.0059343
          58     2.91698     2.85338  0.00593597
          59     2.80132     2.85249  0.00590057
          60     2.86275     2.85266   0.0058047
          61      2.9193     2.85376  0.00581142
          62     2.85256     2.85374  0.00571772
          63     2.79879     2.85286  0.00569309
          64     2.82128     2.85237  0.00562548
          65     2.83798     2.85215  0.00554329
          66     2.85712     2.85223  0.00545981
          67     2.80624     2.85154  0.00542128
          68     2.78134     2.85051  0.00543894
          69     2.83933     2.85034  0.00536253
          70     2.81704     2.84987  0.00530699
          71     2.88595     2.85038  0.00525653
          72     2.84299     2.85027  0.00518452
          73     2.87994     2.85068   0.0051294
          74      2.8688     2.85093  0.00506593
          75     2.88468     2.85138  0.00501833
          76     2.86755     2.85159  0.00495681
          77     2.89633     2.85217  0.00492637
          78     2.88138     2.85254  0.00487742
          79     2.84365     2.85243  0.00481698
          80     2.79645     2.85173  0.00480733
          81     2.78781     2.85094  0.00481232
          82     2.88154     2.85132  0.00476808
          83     2.88161     2.85168  0.00472459
          84     2.85351      2.8517   0.0046684
          85     2.84787     2.85166  0.00461369
          86     2.90426     2.85227   0.0046004
          87     2.85582     2.85231  0.00454771
          88     2.86036      2.8524  0.00449695
          89      2.8404     2.85227  0.00444844
          90     2.78971     2.85157  0.00445299
          91     2.87347     2.85181  0.00441056
          92     2.83705     2.85165  0.00436553
          93     2.87874     2.85194   0.0043283
          94     2.79227     2.85131  0.00432856
          95     2.89473     2.85177  0.00430706
          96     2.91835     2.85246  0.00431768
          97     2.84122     2.85234  0.00427472
          98     2.78666     2.85167  0.00428333
          99     2.88595     2.85202  0.00425403
         100     2.86226     2.85212  0.00421272
