           1     2.14591     2.14591           0
           2     2.13783     2.14187   0.0028579
           3      2.1709     2.15155  0.00812595
           4     2.15459     2.15231  0.00612989
           5     2.15475      2.1528  0.00492328
           6     2.15979     2.15396  0.00423862
           7     2.14595     2.15282   0.0037844
           8     2.18648     2.15702  0.00514371
           9     2.16048     2.15741  0.00458646
          10     2.15874     2.15754  0.00412974
          11     2.15548     2.15735  0.00375855
          12     2.12402     2.15458  0.00435239
          13     2.16645     2.15549  0.00411236
          14      2.1636     2.15607  0.00385918
          15     2.14156      2.1551  0.00372115
          16     2.16172     2.15552  0.00351147
          17      2.1394     2.15457  0.00343055
          18     2.13082     2.15325  0.00348446
          19     2.16938      2.1541  0.00340291
          20     2.16306     2.15454  0.00326211
          21     2.12288     2.15304  0.00343767
          22     2.15877      2.1533  0.00329128
          23      2.1458     2.15297  0.00316428
          24     2.16091      2.1533  0.00304969
          25     2.17119     2.15402  0.00301049
          26     2.11854     2.15265  0.00318899
          27     2.18122     2.15371  0.00324169
          28      2.1386     2.15317  0.00317054
          29      2.1522     2.15314  0.00306139
          30     2.13262     2.15245  0.00303477
          31     2.16996     2.15302  0.00298895
          32     2.14526     2.15278  0.00290536
          33     2.16265     2.15308  0.00283268
          34     2.14977     2.15298  0.00275103
          35      2.1679      2.1534  0.00270525
          36     2.14726     2.15323  0.00263549
          37     2.13789     2.15282  0.00259669
          38     2.16006     2.15301  0.00253535
          39      2.1784     2.15366  0.00255255
          40     2.13442     2.15318  0.00253363
          41     2.16602     2.15349  0.00249111
          42     2.12446      2.1528  0.00252589
          43     2.14903     2.15271  0.00246867
          44     2.18664     2.15348  0.00253012
          45      2.1373     2.15313  0.00249934
          46     2.13079     2.15264  0.00249171
          47     2.15707     2.15273  0.00244048
          48     2.16657     2.15302  0.00240659
          49     2.12375     2.15242  0.00243049
          50     2.17728     2.15292   0.0024322
          51     2.16574     2.15317  0.00239746
          52     2.12494     2.15263  0.00241204
          53      2.1375     2.15234  0.00238337
          54     2.16002     2.15249  0.00234347
          55     2.14982     2.15244  0.00230136
          56     2.16002     2.15257  0.00226425
          57     2.15148     2.15255   0.0022246
          58     2.13405     2.15224    0.002209
          59     2.15935     2.15236  0.00217485
          60      2.1569     2.15243  0.00213992
          61     2.16077     2.15257   0.0021092
          62      2.1351     2.15229  0.00209391
          63     2.14438     2.15216  0.00206442
          64     2.17756     2.15256  0.00206996
          65     2.16716     2.15278  0.00205027
          66     2.15131     2.15276  0.00201933
          67     2.15109     2.15274  0.00198934
          68     2.15708      2.1528  0.00196111
          69     2.13157     2.15249  0.00195666
          70     2.18959     2.15302  0.00199919
          71     2.12711     2.15266  0.00200406
          72     2.15365     2.15267  0.00197628
          73     2.12962     2.15236  0.00197428
          74     2.14608     2.15227  0.00194942
          75     2.15738     2.15234  0.00192462
          76     2.14242     2.15221  0.00190371
          77     2.14075     2.15206   0.0018848
          78     2.15288     2.15207  0.00186066
          79     2.14097     2.15193   0.0018424
          80     2.15382     2.15195  0.00181952
          81     2.16743     2.15214  0.00180707
          82      2.1483      2.1521  0.00178564
          83     2.16416     2.15224  0.00177003
          84     2.14301     2.15213  0.00175237
          85     2.12862     2.15186  0.00175345
          86     2.16696     2.15203  0.00174184
          87     2.18153     2.15237  0.00175451
          88     2.16311     2.15249  0.00173882
          89     2.16605     2.15265  0.00172594
          90     2.14894      2.1526  0.00170725
          91     2.15651     2.15265  0.00168903
          92     2.14152     2.15253    0.001675
          93     2.16193     2.15263  0.00166004
          94     2.15755     2.15268  0.00164321
          95     2.15163     2.15267  0.00162595
          96     2.16464     2.15279  0.00161379
          97     2.15348      2.1528  0.00159717
          98     2.14873     2.15276  0.00158141
          99      2.1595     2.15283   0.0015669
         100        2.16      2.1529  0.00155287
