           1    -4.34541    -4.34541           0
           2    -4.40176    -4.37359   0.0199224
           3    -4.36236    -4.36984   0.0136285
           4    -4.48171    -4.39781   0.0262879
           5    -4.42626     -4.4035   0.0216373
           6     -4.3537     -4.3952   0.0195581
           7    -4.34945    -4.38867   0.0178225
           8    -4.37866    -4.38742   0.0156385
           9    -4.36352    -4.38476   0.0141244
          10    -4.42252    -4.38854   0.0132072
          11    -4.32885    -4.38311   0.0130738
          12    -4.42885    -4.38692   0.0125276
          13    -4.39872    -4.38783   0.0115968
          14    -4.37765     -4.3871   0.0107912
          15    -4.38167    -4.38674   0.0100779
          16    -4.39419    -4.38721  0.00945876
          17    -4.34979    -4.38501  0.00915481
          18    -4.38203    -4.38484  0.00864771
          19    -4.42516    -4.38696  0.00844893
          20    -4.43222    -4.38922  0.00832405
          21    -4.40839    -4.39014  0.00797754
          22    -4.38243    -4.38979  0.00762261
          23    -4.34105    -4.38767  0.00758003
          24    -4.39022    -4.38777  0.00726494
          25    -4.33649    -4.38572  0.00725818
          26    -4.33247    -4.38367  0.00726222
          27    -4.41521    -4.38484  0.00708657
          28    -4.34401    -4.38338  0.00698194
          29    -4.52181    -4.38816  0.00821226
          30    -4.36537     -4.3874  0.00797356
          31    -4.39017    -4.38749  0.00771685
          32    -4.33275    -4.38578  0.00766296
          33    -4.35328    -4.38479  0.00749377
          34    -4.35499    -4.38392  0.00732444
          35    -4.34113    -4.38269  0.00721647
          36    -4.42563    -4.38389  0.00711386
          37    -4.41546    -4.38474  0.00697259
          38    -4.37123    -4.38438  0.00679815
          39    -4.38627    -4.38443  0.00662401
          40    -4.34892    -4.38354  0.00651764
          41     -4.3019    -4.38155  0.00665592
          42    -4.40778    -4.38218  0.00652667
          43    -4.29958    -4.38026  0.00665154
          44    -4.44797     -4.3818  0.00667601
          45    -4.30587    -4.38011  0.00673749
          46    -4.40514    -4.38065  0.00661296
          47    -4.37575    -4.38055  0.00647309
          48     -4.4381    -4.38175  0.00644832
          49    -4.32304    -4.38055  0.00642708
          50    -4.34218    -4.37978  0.00634419
          51     -4.4202    -4.38057  0.00626909
          52    -4.40173    -4.38098  0.00616171
          53    -4.45494    -4.38238  0.00620147
          54    -4.42661     -4.3832   0.0061405
          55    -4.35883    -4.38275  0.00604481
          56    -4.39552    -4.38298  0.00594117
          57    -4.44772    -4.38412  0.00594453
          58    -4.44941    -4.38524  0.00594766
          59    -4.33186    -4.38434  0.00591528
          60    -4.39474    -4.38451  0.00581923
          61    -4.44949    -4.38558  0.00582051
          62    -4.38369    -4.38555  0.00572671
          63    -4.32773    -4.38463  0.00570887
          64    -4.35155    -4.38411  0.00564302
          65    -4.36796    -4.38386  0.00556167
          66    -4.38871    -4.38394  0.00547789
          67    -4.33852    -4.38326  0.00543791
          68     -4.3117    -4.38221  0.00545882
          69    -4.36997    -4.38203  0.00538259
          70    -4.34732    -4.38153  0.00532849
          71    -4.41969    -4.38207  0.00528047
          72    -4.37182    -4.38193  0.00520905
          73    -4.41105    -4.38233  0.00515294
          74    -4.39938    -4.38256  0.00508846
          75    -4.41473    -4.38299  0.00503866
          76    -4.39826    -4.38319  0.00497637
          77    -4.42671    -4.38375  0.00494373
          78    -4.41361    -4.38413  0.00489515
          79    -4.37422    -4.38401   0.0048348
          80    -4.32541    -4.38328  0.00482953
          81    -4.31821    -4.38247  0.00483625
          82    -4.41557    -4.38288  0.00479409
          83    -4.41388    -4.38325  0.00475086
          84    -4.38601    -4.38328  0.00469441
          85    -4.38113    -4.38326  0.00463925
          86    -4.43363    -4.38384  0.00462213
          87    -4.38856     -4.3839  0.00456932
          88    -4.39215    -4.38399  0.00451836
          89    -4.37138    -4.38385  0.00446982
          90    -4.32132    -4.38316  0.00447383
          91    -4.40624    -4.38341  0.00443185
          92    -4.36724    -4.38323  0.00438717
          93    -4.40888    -4.38351  0.00434865
          94    -4.32167    -4.38285  0.00435187
          95    -4.42579     -4.3833  0.00432947
          96    -4.45122    -4.38401  0.00434179
          97    -4.37126    -4.38388  0.00429902
          98    -4.31759     -4.3832  0.00430804
          99    -4.41724    -4.38355  0.00427823
         100    -4.39277    -4.38364  0.00423644
