           1    -5.82845    -5.82845           0
           2     -5.8177    -5.82307  0.00379957
           3    -5.85032    -5.83216   0.0078374
           4    -5.83512     -5.8329   0.0059129
           5    -5.83576    -5.83347  0.00475794
           6     -5.8383    -5.83427  0.00403248
           7    -5.82625    -5.83313  0.00361579
           8    -5.86664    -5.83732  0.00503647
           9    -5.84068    -5.83769  0.00449074
          10     -5.8386    -5.83778  0.00404258
          11    -5.83534    -5.83756  0.00368117
          12    -5.80514    -5.83486  0.00425143
          13    -5.84716     -5.8358  0.00402827
          14    -5.84333    -5.83634  0.00377628
          15    -5.82223     -5.8354  0.00363986
          16    -5.84226    -5.83583  0.00343755
          17    -5.82109    -5.83496  0.00334283
          18    -5.81233     -5.8337  0.00338541
          19    -5.85027    -5.83458   0.0033176
          20    -5.84404    -5.83505  0.00318528
          21    -5.80482    -5.83361  0.00334315
          22    -5.84029    -5.83391  0.00320493
          23    -5.82689    -5.83361  0.00308009
          24    -5.84113    -5.83392  0.00296767
          25    -5.85205    -5.83465  0.00293625
          26    -5.80006    -5.83332  0.00311007
          27     -5.8613    -5.83435  0.00316288
          28    -5.82167     -5.8339   0.0030822
          29     -5.8313    -5.83381  0.00297721
          30    -5.81251     -5.8331  0.00296143
          31     -5.8488    -5.83361  0.00290888
          32    -5.82528    -5.83335  0.00282961
          33    -5.84147    -5.83359  0.00275454
          34    -5.82988    -5.83348  0.00267568
          35    -5.84832    -5.83391  0.00263259
          36    -5.82672    -5.83371  0.00256702
          37    -5.81754    -5.83327  0.00253458
          38    -5.83919    -5.83343  0.00247266
          39    -5.85859    -5.83407  0.00249202
          40    -5.81469    -5.83359  0.00247639
          41    -5.84595    -5.83389  0.00243428
          42    -5.80409    -5.83318  0.00247754
          43    -5.83181    -5.83315  0.00242013
          44    -5.86604     -5.8339  0.00247786
          45    -5.81608     -5.8335  0.00245423
          46    -5.81256    -5.83304  0.00244272
          47    -5.83668    -5.83312  0.00239198
          48    -5.84792    -5.83343  0.00236192
          49    -5.80473    -5.83284  0.00238522
          50    -5.85643    -5.83332  0.00238369
          51    -5.84441    -5.83353  0.00234686
          52    -5.80618    -5.83301  0.00235994
          53    -5.81974    -5.83276  0.00232865
          54    -5.84077    -5.83291  0.00229025
          55     -5.8319    -5.83289  0.00224868
          56    -5.84024    -5.83302  0.00221235
          57    -5.83335    -5.83302  0.00217355
          58    -5.81583    -5.83273  0.00215618
          59    -5.83963    -5.83284  0.00212281
          60     -5.8374    -5.83292  0.00208879
          61    -5.84338    -5.83309  0.00206157
          62    -5.81538    -5.83281  0.00204802
          63    -5.82649    -5.83271  0.00201796
          64    -5.85837    -5.83311  0.00202587
          65    -5.84833    -5.83334  0.00200819
          66    -5.83376    -5.83335  0.00197777
          67    -5.83186    -5.83333  0.00194838
          68    -5.83724    -5.83338  0.00192058
          69    -5.81309    -5.83309  0.00191512
          70    -5.86993    -5.83362  0.00195874
          71    -5.80813    -5.83326  0.00196376
          72    -5.83442    -5.83327  0.00193655
          73     -5.8105    -5.83296  0.00193499
          74    -5.82612    -5.83287  0.00191104
          75    -5.83785    -5.83293  0.00188671
          76    -5.82342    -5.83281  0.00186604
          77    -5.82138    -5.83266   0.0018477
          78    -5.83427    -5.83268  0.00182412
          79    -5.82248    -5.83255  0.00180559
          80    -5.83439    -5.83258  0.00178317
          81    -5.84849    -5.83277  0.00177195
          82    -5.82991    -5.83274  0.00175068
          83    -5.84405    -5.83287  0.00173489
          84    -5.82374    -5.83276  0.00171764
          85      -5.809    -5.83248  0.00172004
          86     -5.8477    -5.83266  0.00170911
          87    -5.86118    -5.83299  0.00172062
          88    -5.84333    -5.83311  0.00170508
          89    -5.84609    -5.83325  0.00169215
          90    -5.82883     -5.8332  0.00167406
          91    -5.83702    -5.83325  0.00165619
          92     -5.8228    -5.83313  0.00164207
          93    -5.84274    -5.83324  0.00162766
          94    -5.83777    -5.83328  0.00161106
          95    -5.83233    -5.83327  0.00159413
          96     -5.8447    -5.83339  0.00158196
          97    -5.83237    -5.83338  0.00156569
          98    -5.82832    -5.83333  0.00155056
          99    -5.84057     -5.8334  0.00153663
         100    -5.84214    -5.83349  0.00152375
