           1    -3.68253    -3.68253           0
           2    -3.67987     -3.6812 0.000941673
           3    -3.67943    -3.68061 0.000791875
           4    -3.68053    -3.68059 0.000594151
           5    -3.68101    -3.68067 0.000481309
           6    -3.67851    -3.68031 0.000519256
           7    -3.68029    -3.68031 0.000445082
           8    -3.68016    -3.68029 0.000389834
           9    -3.68021    -3.68028 0.000346631
          10    -3.67986    -3.68024 0.000314548
          11    -3.67985     -3.6802 0.000287902
          12    -3.68112    -3.68028 0.000273924
          13     -3.6807    -3.68031 0.000254768
          14    -3.67974    -3.68027 0.000239887
          15    -3.68067     -3.6803 0.000225339
          16    -3.68055    -3.68031  0.00021179
          17     -3.6817     -3.6804 0.000214442
          18    -3.68151    -3.68046 0.000211251
          19    -3.68089    -3.68048 0.000201376
          20    -3.68098    -3.68051 0.000192879
          21    -3.68194    -3.68057 0.000195405
          22    -3.68151    -3.68062 0.000191151
          23    -3.68109    -3.68064 0.000183957
          24    -3.68022    -3.68062 0.000177112
          25    -3.68086    -3.68063  0.00017029
          26    -3.68152    -3.68066 0.000167161
          27    -3.68008    -3.68064 0.000162374
          28    -3.68307    -3.68073 0.000178239
          29    -3.67911    -3.68067 0.000180642
          30    -3.67989    -3.68065 0.000176499
          31    -3.67884    -3.68059 0.000180154
          32    -3.68001    -3.68057 0.000175412
          33    -3.67882    -3.68052 0.000177936
          34    -3.68012    -3.68051 0.000173091
          35    -3.68042     -3.6805 0.000168162
          36    -3.67946    -3.68047 0.000165957
          37    -3.67965    -3.68045  0.00016296
          38    -3.67913    -3.68042 0.000162338
          39    -3.68019    -3.68041  0.00015828
          40    -3.68026    -3.68041 0.000154367
          41    -3.67993     -3.6804 0.000151039
          42    -3.67963    -3.68038 0.000148533
          43    -3.68278    -3.68043 0.000155262
          44    -3.67939    -3.68041 0.000153521
          45    -3.67878    -3.68037  0.00015432
          46    -3.68177     -3.6804 0.000153909
          47    -3.67962    -3.68039 0.000151547
          48    -3.68135    -3.68041 0.000149704
          49    -3.68098    -3.68042  0.00014711
          50    -3.67915    -3.68039 0.000146356
          51    -3.67867    -3.68036 0.000147339
          52    -3.68124    -3.68038 0.000145469
          53    -3.68224    -3.68041 0.000146922
          54    -3.68074    -3.68042 0.000144329
          55    -3.68208    -3.68045 0.000144845
          56    -3.68022    -3.68044 0.000142316
          57    -3.68186    -3.68047 0.000141979
          58    -3.68178    -3.68049 0.000141323
          59    -3.68029    -3.68049 0.000138971
          60     -3.6805    -3.68049 0.000136655
          61    -3.68261    -3.68052 0.000138765
          62    -3.68028    -3.68052 0.000136584
          63    -3.68211    -3.68054 0.000136728
          64    -3.68081    -3.68055 0.000134653
          65    -3.68117    -3.68056 0.000132917
          66    -3.68245    -3.68059  0.00013396
          67    -3.68077    -3.68059 0.000131987
          68    -3.68017    -3.68058 0.000130192
          69    -3.68152     -3.6806 0.000129011
          70    -3.68034    -3.68059  0.00012722
          71    -3.68102     -3.6806 0.000125571
          72    -3.68076     -3.6806 0.000123847
          73    -3.68088    -3.68061  0.00012221
          74    -3.68004     -3.6806 0.000120794
          75    -3.68046     -3.6806 0.000119197
          76      -3.681     -3.6806 0.000117749
          77    -3.68063     -3.6806  0.00011622
          78    -3.68138    -3.68061 0.000115162
          79    -3.68151    -3.68062 0.000114263
          80    -3.68057    -3.68062 0.000112837
          81    -3.68105    -3.68063  0.00011157
          82    -3.68161    -3.68064 0.000110853
          83    -3.67989    -3.68063 0.000109882
          84    -3.68073    -3.68063 0.000108581
          85    -3.68038    -3.68063 0.000107344
          86    -3.68073    -3.68063 0.000106103
          87    -3.67965    -3.68062 0.000105476
          88    -3.68022    -3.68061 0.000104373
          89    -3.68004    -3.68061 0.000103403
          90    -3.67989     -3.6806 0.000102561
          91    -3.68051     -3.6806 0.000101439
          92    -3.68128    -3.68061 0.000100607
          93     -3.6808    -3.68061 9.95476e-05
          94    -3.68022     -3.6806 9.85728e-05
          95    -3.68071    -3.68061  9.7541e-05
          96    -3.68006     -3.6806 9.66907e-05
          97    -3.67889    -3.68058 9.72831e-05
          98    -3.67959    -3.68057 9.68195e-05
          99    -3.68108    -3.68058 9.59759e-05
         100    -3.68215    -3.68059 9.62954e-05
