           1     1.87739     1.87739           0
           2      1.9124     1.89489   0.0123759
           3     1.88822     1.89267  0.00844831
           4     1.96767     1.91142   0.0174309
           5     1.92962     1.91506     0.01432
           6     1.88028     1.90926   0.0130541
           7      1.8773      1.9047   0.0119611
           8       1.897     1.90373   0.0105046
           9     1.88779     1.90196  0.00948558
          10     1.92768     1.90453  0.00887869
          11     1.86522     1.90096  0.00876145
          12     1.93062     1.90343  0.00837277
          13     1.91146     1.90405  0.00775148
          14     1.89799     1.90362  0.00720986
          15     1.90025     1.90339  0.00673271
          16     1.90735     1.90364  0.00631646
          17     1.87899     1.90219  0.00610907
          18     1.90096     1.90212  0.00577006
          19     1.92852     1.90351  0.00563114
          20     1.93279     1.90497  0.00553656
          21      1.9184     1.90561   0.0053097
          22     1.90037     1.90538  0.00507369
          23     1.87341     1.90399  0.00503988
          24     1.90593     1.90407  0.00483053
          25     1.86964     1.90269  0.00482966
          26     1.86786     1.90135  0.00482616
          27     1.92208     1.90212  0.00470807
          28     1.87469     1.90114  0.00464073
          29     1.99229     1.90428  0.00544207
          30     1.88847     1.90375  0.00528613
          31     1.90569     1.90382  0.00511597
          32     1.86765     1.90269  0.00507939
          33     1.88024     1.90201   0.0049708
          34     1.88247     1.90143   0.0048577
          35     1.87157     1.90058  0.00479325
          36     1.92848     1.90135  0.00472233
          37     1.92266     1.90193  0.00462969
          38     1.89474     1.90174  0.00451172
          39     1.90512     1.90183  0.00439687
          40      1.8783     1.90124  0.00432609
          41     1.84523     1.89987  0.00443101
          42     1.91779      1.9003    0.004346
          43      1.8456     1.89903  0.00442716
          44     1.94349     1.90004  0.00444035
          45     1.84845     1.89889  0.00448724
          46      1.9145     1.89923  0.00440251
          47     1.89575     1.89916  0.00430947
          48     1.93664     1.89994  0.00428984
          49     1.86046     1.89913   0.0042773
          50     1.87276      1.8986  0.00422414
          51     1.92643     1.89915   0.0041764
          52      1.9128     1.89941  0.00410432
          53      1.9472     1.90031  0.00412475
          54     1.93098     1.90088  0.00408726
          55     1.88496     1.90059  0.00402319
          56     1.90959     1.90075  0.00395455
          57     1.94367     1.90151   0.0039562
          58     1.94465     1.90225  0.00395731
          59     1.86754     1.90166  0.00393372
          60      1.9085     1.90178   0.0038698
          61      1.9462      1.9025  0.00387428
          62     1.90171     1.90249  0.00381181
          63     1.86586     1.90191  0.00379539
          64     1.88085     1.90158  0.00375032
          65     1.89199     1.90143  0.00369552
          66     1.90475     1.90148  0.00363987
          67     1.87083     1.90103  0.00361419
          68     1.85423     1.90034  0.00362596
          69     1.89289     1.90023  0.00357502
          70     1.87802     1.89991  0.00353799
          71     1.92397     1.90025  0.00350435
          72     1.89533     1.90018  0.00345635
          73     1.91996     1.90045   0.0034196
          74     1.91254     1.90062  0.00337729
          75     1.92312     1.90092  0.00334556
          76      1.9117     1.90106  0.00330454
          77     1.93088     1.90145  0.00328425
          78     1.92092      1.9017  0.00325162
          79     1.89577     1.90162  0.00321132
          80      1.8643     1.90115  0.00320489
          81     1.85854     1.90063  0.00320822
          82     1.92103     1.90088  0.00317872
          83     1.92108     1.90112  0.00314973
          84     1.90234     1.90114  0.00311226
          85     1.89858      1.9011  0.00307579
          86     1.93617     1.90151  0.00306694
          87     1.90388     1.90154   0.0030318
          88      1.9069      1.9016  0.00299796
          89      1.8936     1.90151  0.00296563
          90      1.8598     1.90105  0.00296866
          91     1.91565     1.90121  0.00294037
          92     1.89137      1.9011  0.00291036
          93     1.91916      1.9013  0.00288553
          94     1.86151     1.90087   0.0028857
          95     1.92982     1.90118  0.00287137
          96     1.94557     1.90164  0.00287845
          97     1.89414     1.90156  0.00284981
          98     1.85777     1.90112  0.00285555
          99     1.92397     1.90135  0.00283602
         100     1.90817     1.90141  0.00280848
