           1    -1.52933    -1.52933           0
           2    -1.53317    -1.53125  0.00135849
           3    -1.53003    -1.53084 0.000963888
           4     -1.5302    -1.53068 0.000736043
           5    -1.53182    -1.53091   0.0006231
           6    -1.53329    -1.53131 0.000632846
           7     -1.5335    -1.53162 0.000615258
           8    -1.53316    -1.53181   0.0005677
           9    -1.53183    -1.53182 0.000504627
          10    -1.53101    -1.53173 0.000460558
          11    -1.53102    -1.53167 0.000423245
          12    -1.53292    -1.53177 0.000400524
          13    -1.53152    -1.53175 0.000370192
          14    -1.53066    -1.53168 0.000351884
          15     -1.5313    -1.53165 0.000329332
          16    -1.53317    -1.53175 0.000322066
          17    -1.53131    -1.53172 0.000304149
          18    -1.53059    -1.53166  0.00029371
          19    -1.53238     -1.5317 0.000280724
          20    -1.53304    -1.53176 0.000274666
          21    -1.53079    -1.53172 0.000265477
          22    -1.53187    -1.53172 0.000253501
          23    -1.53093    -1.53169 0.000244784
          24    -1.53133    -1.53167 0.000235036
          25    -1.53204    -1.53169 0.000226085
          26    -1.53069    -1.53165 0.000220621
          27     -1.5321    -1.53167 0.000213071
          28    -1.53198    -1.53168 0.000205747
          29    -1.53337    -1.53174 0.000206742
          30    -1.53266    -1.53177 0.000202153
          31    -1.53164    -1.53176 0.000195676
          32    -1.53127    -1.53175 0.000190172
          33    -1.53291    -1.53178 0.000187669
          34    -1.53129    -1.53177 0.000182703
          35    -1.53377    -1.53183  0.00018625
          36    -1.53291    -1.53186   0.0001835
          37    -1.53146    -1.53184 0.000178849
          38    -1.52912    -1.53177 0.000187977
          39    -1.52859    -1.53169 0.000200101
          40    -1.53146    -1.53169  0.00019518
          41    -1.53405    -1.53174 0.000198774
          42    -1.53109    -1.53173 0.000194655
          43    -1.53118    -1.53172 0.000190552
          44    -1.53274    -1.53174 0.000187632
          45     -1.5332    -1.53177 0.000186252
          46    -1.53339    -1.53181 0.000185483
          47    -1.53212    -1.53181  0.00018166
          48    -1.53315    -1.53184  0.00017999
          49    -1.53235    -1.53185  0.00017662
          50    -1.53304    -1.53187 0.000174677
          51    -1.53056    -1.53185 0.000173155
          52    -1.53252    -1.53186 0.000170311
          53    -1.53414     -1.5319 0.000172422
          54    -1.53015    -1.53187 0.000172266
          55    -1.53139    -1.53186 0.000169355
          56    -1.53113    -1.53185 0.000166837
          57    -1.53222    -1.53186 0.000164038
          58    -1.53243    -1.53187 0.000161502
          59    -1.53054    -1.53184 0.000160323
          60    -1.53199    -1.53185  0.00015767
          61    -1.53019    -1.53182 0.000157404
          62    -1.53114    -1.53181 0.000155251
          63    -1.52894    -1.53176 0.000159329
          64    -1.53026    -1.53174 0.000158551
          65    -1.52997    -1.53171 0.000158421
          66    -1.53159    -1.53171 0.000156032
          67    -1.53227    -1.53172 0.000153929
          68    -1.53035     -1.5317 0.000152974
          69    -1.53064    -1.53168 0.000151522
          70    -1.53028    -1.53166 0.000150675
          71    -1.53374    -1.53169 0.000151354
          72    -1.52883    -1.53165 0.000154395
          73     -1.5311    -1.53165 0.000152463
          74    -1.53058    -1.53163 0.000151087
          75    -1.53005    -1.53161 0.000150531
          76    -1.53071     -1.5316 0.000149016
          77    -1.53038    -1.53158 0.000147919
          78    -1.53224    -1.53159 0.000146262
          79    -1.53057    -1.53158 0.000144983
          80    -1.52896    -1.53154 0.000146809
          81     -1.5304    -1.53153 0.000145675
          82    -1.53403    -1.53156 0.000147048
          83    -1.53227    -1.53157 0.000145521
          84    -1.53249    -1.53158 0.000144203
          85    -1.53326     -1.5316 0.000143854
          86    -1.52937    -1.53157 0.000144493
          87    -1.53274    -1.53159  0.00014345
          88     -1.5318    -1.53159  0.00014184
          89    -1.53097    -1.53158 0.000140415
          90    -1.53161    -1.53158 0.000138855
          91    -1.53277     -1.5316  0.00013794
          92    -1.53019    -1.53158 0.000137286
          93    -1.53014    -1.53157 0.000136683
          94     -1.5294    -1.53154 0.000137158
          95    -1.53106    -1.53154 0.000135809
          96    -1.53287    -1.53155 0.000135104
          97    -1.53004    -1.53154 0.000134604
          98    -1.53093    -1.53153 0.000133373
          99    -1.53129    -1.53153 0.000132048
         100    -1.53051    -1.53152 0.000131116
