           1     1.43061     1.43061           0
           2     1.42522     1.42792  0.00190526
           3     1.44726     1.43436   0.0054173
           4     1.43639     1.43487  0.00408659
           5      1.4365      1.4352  0.00328218
           6     1.43986     1.43597  0.00282575
           7     1.43063     1.43521  0.00252293
           8     1.45765     1.43802  0.00342914
           9     1.44032     1.43827  0.00305764
          10     1.43916     1.43836  0.00275316
          11     1.43699     1.43824   0.0025057
          12     1.41601     1.43638   0.0029016
          13      1.4443     1.43699  0.00274157
          14      1.4424     1.43738  0.00257279
          15     1.42771     1.43673  0.00248076
          16     1.44114     1.43701  0.00234098
          17     1.42626     1.43638  0.00228703
          18     1.42055      1.4355  0.00232298
          19     1.44625     1.43606  0.00226861
          20     1.44204     1.43636  0.00217474
          21     1.41525     1.43536  0.00229178
          22     1.43918     1.43553  0.00219419
          23     1.43053     1.43531  0.00210952
          24     1.44061     1.43553  0.00203313
          25     1.44746     1.43601    0.002007
          26     1.41236      1.4351  0.00212599
          27     1.45415     1.43581  0.00216113
          28     1.42573     1.43545   0.0021137
          29      1.4348     1.43543  0.00204093
          30     1.42175     1.43497  0.00202318
          31     1.44664     1.43535  0.00199263
          32     1.43017     1.43518  0.00193691
          33     1.44176     1.43538  0.00188845
          34     1.43318     1.43532  0.00183402
          35     1.44526      1.4356   0.0018035
          36     1.43151     1.43549  0.00175699
          37     1.42526     1.43521  0.00173113
          38     1.44004     1.43534  0.00169023
          39     1.45227     1.43577   0.0017017
          40     1.42295     1.43545  0.00168909
          41     1.44401     1.43566  0.00166074
          42     1.41631      1.4352  0.00168392
          43     1.43269     1.43514  0.00164578
          44     1.45776     1.43566  0.00168675
          45     1.42486     1.43542  0.00166623
          46     1.42053     1.43509  0.00166114
          47     1.43805     1.43516  0.00162698
          48     1.44438     1.43535   0.0016044
          49     1.41583     1.43495  0.00162033
          50     1.45152     1.43528  0.00162147
          51     1.44383     1.43545  0.00159831
          52     1.41663     1.43509  0.00160803
          53       1.425      1.4349  0.00158891
          54     1.44002     1.43499  0.00156231
          55     1.43321     1.43496  0.00153424
          56     1.44001     1.43505   0.0015095
          57     1.43432     1.43504  0.00148307
          58      1.4227     1.43482  0.00147267
          59     1.43957      1.4349   0.0014499
          60     1.43793     1.43495  0.00142661
          61     1.44051     1.43505  0.00140613
          62      1.4234     1.43486  0.00139594
          63     1.42959     1.43477  0.00137628
          64     1.45171     1.43504  0.00137998
          65     1.44477     1.43519  0.00136685
          66     1.43421     1.43517  0.00134622
          67     1.43406     1.43516  0.00132623
          68     1.43805      1.4352  0.00130741
          69     1.42105     1.43499  0.00130444
          70     1.45973     1.43535  0.00133279
          71     1.41807      1.4351  0.00133604
          72     1.43577     1.43511  0.00131752
          73     1.41975      1.4349  0.00131618
          74     1.43072     1.43485  0.00129961
          75     1.43826     1.43489  0.00128308
          76     1.42828     1.43481  0.00126914
          77     1.42717     1.43471  0.00125653
          78     1.43525     1.43471  0.00124044
          79     1.42732     1.43462  0.00122827
          80     1.43588     1.43464  0.00121302
          81     1.44496     1.43476  0.00120471
          82      1.4322     1.43473  0.00119043
          83     1.44277     1.43483  0.00118002
          84     1.42867     1.43476  0.00116825
          85     1.41908     1.43457  0.00116897
          86     1.44464     1.43469  0.00116123
          87     1.45435     1.43491  0.00116968
          88     1.44207       1.435  0.00115921
          89     1.44404      1.4351  0.00115063
          90     1.43263     1.43507  0.00113817
          91     1.43768      1.4351  0.00112602
          92     1.42768     1.43502  0.00111667
          93     1.44129     1.43508  0.00110669
          94     1.43837     1.43512  0.00109547
          95     1.43442     1.43511  0.00108396
          96      1.4431      1.4352  0.00107586
          97     1.43566      1.4352  0.00106478
          98     1.43249     1.43517  0.00105427
          99     1.43966     1.43522   0.0010446
         100        1.44     1.43527  0.00103525
